[  6%] Built target bsp_shared
[ 12%] Built target case_framework
[ 24%] Built target bsp_profiler
Consolidate compiler generated dependencies of target bsp_sockets
[ 33%] Built target HelloWorld
[ 39%] Built target ddrRWPerf
[ 42%] Building CXX object src/bsp_sockets/CMakeFiles/bsp_sockets.dir/impl/EventLoop_Poll.cpp.o
In file included from /home/builder/src/bsp_sockets/../bsp_sockets/EventLoop_Poll.hpp:6,
                 from /home/builder/src/bsp_sockets/impl/EventLoop_Poll.cpp:1:
/home/builder/src/bsp_sockets/../bsp_sockets/EventLoop.hpp: In member function 'virtual void bsp_sockets::EventLoop::addIoEvent(int, bsp_sockets::ioCallback, int, std::any)':
/home/builder/src/bsp_sockets/../bsp_sockets/EventLoop.hpp:38:33: warning: unused parameter 'fd' [-Wunused-parameter]
   38 |     virtual void addIoEvent(int fd, ioCallback proc, int mask, std::any args) {};
      |                             ~~~~^~
/home/builder/src/bsp_sockets/../bsp_sockets/EventLoop.hpp:38:48: warning: unused parameter 'proc' [-Wunused-parameter]
   38 |     virtual void addIoEvent(int fd, ioCallback proc, int mask, std::any args) {};
      |                                     ~~~~~~~~~~~^~~~
/home/builder/src/bsp_sockets/../bsp_sockets/EventLoop.hpp:38:58: warning: unused parameter 'mask' [-Wunused-parameter]
   38 |     virtual void addIoEvent(int fd, ioCallback proc, int mask, std::any args) {};
      |                                                      ~~~~^~~~
/home/builder/src/bsp_sockets/../bsp_sockets/EventLoop.hpp:38:73: warning: unused parameter 'args' [-Wunused-parameter]
   38 |     virtual void addIoEvent(int fd, ioCallback proc, int mask, std::any args) {};
      |                                                                ~~~~~~~~~^~~~
/home/builder/src/bsp_sockets/../bsp_sockets/EventLoop.hpp: In member function 'virtual void bsp_sockets::EventLoop::delIoEvent(int, int)':
/home/builder/src/bsp_sockets/../bsp_sockets/EventLoop.hpp:40:33: warning: unused parameter 'fd' [-Wunused-parameter]
   40 |     virtual void delIoEvent(int fd, int mask) {};
      |                             ~~~~^~
/home/builder/src/bsp_sockets/../bsp_sockets/EventLoop.hpp:40:41: warning: unused parameter 'mask' [-Wunused-parameter]
   40 |     virtual void delIoEvent(int fd, int mask) {};
      |                                     ~~~~^~~~
/home/builder/src/bsp_sockets/../bsp_sockets/EventLoop.hpp: In member function 'virtual void bsp_sockets::EventLoop::delIoEvent(int)':
/home/builder/src/bsp_sockets/../bsp_sockets/EventLoop.hpp:42:33: warning: unused parameter 'fd' [-Wunused-parameter]
   42 |     virtual void delIoEvent(int fd) {};
      |                             ~~~~^~
/home/builder/src/bsp_sockets/impl/EventLoop_Poll.cpp: In lambda function:
/home/builder/src/bsp_sockets/impl/EventLoop_Poll.cpp:36:71: warning: unused parameter 'fd' [-Wunused-parameter]
   36 |     auto timerQueueCallback = [](std::shared_ptr<EventLoop> loop, int fd, std::any args)
      |                                                                   ~~~~^~
/home/builder/src/bsp_sockets/impl/EventLoop_Poll.cpp:36:84: warning: unused parameter 'args' [-Wunused-parameter]
   36 |     auto timerQueueCallback = [](std::shared_ptr<EventLoop> loop, int fd, std::any args)
      |                                                                           ~~~~~~~~~^~~~
/home/builder/src/bsp_sockets/impl/EventLoop_Poll.cpp: In member function 'virtual void bsp_sockets::EventLoop_Poll::processEvents()':
/home/builder/src/bsp_sockets/impl/EventLoop_Poll.cpp:55:29: warning: unused variable 'tid' [-Wunused-variable]
   55 |         thread_local size_t tid = std::hash<std::thread::id>{}(std::this_thread::get_id());
      |                             ^~~
/home/builder/src/bsp_sockets/impl/EventLoop_Poll.cpp: In member function 'virtual void bsp_sockets::EventLoop_Poll::delIoEvent(int, int)':
/home/builder/src/bsp_sockets/impl/EventLoop_Poll.cpp:186:9: warning: unused variable 'ret' [-Wunused-variable]
  186 |     int ret;
      |         ^~~
[ 45%] Linking CXX shared library libbsp_sockets.so
[ 75%] Built target bsp_sockets
Consolidate compiler generated dependencies of target aio_udpserver
Consolidate compiler generated dependencies of target aio_udpclient
Consolidate compiler generated dependencies of target aio_tcpserver
Consolidate compiler generated dependencies of target aio_tcpclient
[ 87%] Linking CXX executable aio_tcpserver
[ 87%] Linking CXX executable aio_udpclient
[ 87%] Linking CXX executable aio_udpserver
[ 87%] Linking CXX executable aio_tcpclient
[ 93%] Built target aio_tcpserver
[ 93%] Built target aio_udpserver
[ 96%] Built target aio_udpclient
[100%] Built target aio_tcpclient
Install the project...
-- Install configuration: "Debug"
-- Up-to-date: /home/builder/build/install/lib/pkgconfig/case_framework.pc
-- Up-to-date: /home/builder/build/install/lib/libcase_framework.so
-- Up-to-date: /home/builder/build/install/include/PosixPerf
-- Up-to-date: /home/builder/build/install/include/PosixPerf/BasePerfCase.hpp
-- Up-to-date: /home/builder/build/install/lib/pkgconfig/bsp_shared.pc
-- Up-to-date: /home/builder/build/install/lib/libbsp_shared.so
-- Up-to-date: /home/builder/build/install/include/PosixPerf
-- Up-to-date: /home/builder/build/install/include/PosixPerf/ArgParser.hpp
-- Up-to-date: /home/builder/build/install/include/PosixPerf/BspLogger.hpp
-- Up-to-date: /home/builder/build/install/lib/pkgconfig/bsp_profiler.pc
-- Up-to-date: /home/builder/build/install/lib/libbsp_profiler.so
-- Up-to-date: /home/builder/build/install/include/PosixPerf
-- Up-to-date: /home/builder/build/install/include/PosixPerf/TraceEvent.hpp
-- Up-to-date: /home/builder/build/install/include/PosixPerf/TimeTagger.hpp
-- Up-to-date: /home/builder/build/install/include/PosixPerf/PerfProfiler.hpp
-- Up-to-date: /home/builder/build/install/include/PosixPerf/BspTrace.hpp
-- Up-to-date: /home/builder/build/install/include/PosixPerf/perfetto.h
-- Up-to-date: /home/builder/build/install/lib/pkgconfig/bsp_sockets.pc
-- Installing: /home/builder/build/install/lib/libbsp_sockets.so
-- Set runtime path of "/home/builder/build/install/lib/libbsp_sockets.so" to "$ORIGIN/../lib"
-- Up-to-date: /home/builder/build/install/include/PosixPerf
-- Up-to-date: /home/builder/build/install/include/PosixPerf/EventLoop_Epoll.hpp
-- Up-to-date: /home/builder/build/install/include/PosixPerf/BspSocket.hpp
-- Up-to-date: /home/builder/build/install/include/PosixPerf/EventLoop_Poll.hpp
-- Up-to-date: /home/builder/build/install/include/PosixPerf/UdpServer.hpp
-- Up-to-date: /home/builder/build/install/include/PosixPerf/TcpClient.hpp
-- Up-to-date: /home/builder/build/install/include/PosixPerf/impl
-- Up-to-date: /home/builder/build/install/include/PosixPerf/impl/ISocketHelper.hpp
-- Up-to-date: /home/builder/build/install/include/PosixPerf/impl/MsgDispatcher.hpp
-- Up-to-date: /home/builder/build/install/include/PosixPerf/impl/TimerQueue.hpp
-- Up-to-date: /home/builder/build/install/include/PosixPerf/impl/TcpConnection.hpp
-- Up-to-date: /home/builder/build/install/include/PosixPerf/impl/BspSocketException.hpp
-- Up-to-date: /home/builder/build/install/include/PosixPerf/impl/MsgHead.hpp
-- Up-to-date: /home/builder/build/install/include/PosixPerf/impl/ThreadPool.hpp
-- Up-to-date: /home/builder/build/install/include/PosixPerf/impl/ThreadQueue.hpp
-- Up-to-date: /home/builder/build/install/include/PosixPerf/impl/IOBuffer.hpp
-- Up-to-date: /home/builder/build/install/include/PosixPerf/TcpServer.hpp
-- Up-to-date: /home/builder/build/install/include/PosixPerf/UdpClient.hpp
-- Up-to-date: /home/builder/build/install/include/PosixPerf/EventLoop.hpp
-- Up-to-date: /home/builder/build/install/bin/HelloWorld
-- Up-to-date: /home/builder/build/install/bin/ddrRWPerf
-- Installing: /home/builder/build/install/bin/aio_tcpclient
-- Set runtime path of "/home/builder/build/install/bin/aio_tcpclient" to "$ORIGIN/../lib"
-- Installing: /home/builder/build/install/bin/aio_tcpserver
-- Set runtime path of "/home/builder/build/install/bin/aio_tcpserver" to "$ORIGIN/../lib"
-- Installing: /home/builder/build/install/bin/aio_udpclient
-- Set runtime path of "/home/builder/build/install/bin/aio_udpclient" to "$ORIGIN/../lib"
-- Installing: /home/builder/build/install/bin/aio_udpserver
-- Set runtime path of "/home/builder/build/install/bin/aio_udpserver" to "$ORIGIN/../lib"
